<?xml version="1.0" encoding="UTF-8"?>
<testsuite name="baseline.solution41Test" tests="2" skipped="0" failures="0" errors="0" timestamp="2021-10-11T23:52:07" hostname="DESKTOP-B5D0G6J" time="0.016">
  <properties/>
  <testcase name="sort_names()" classname="baseline.solution41Test" time="0.015"/>
  <testcase name="read_names()" classname="baseline.solution41Test" time="0.001"/>
  <system-out><![CDATA[]]></system-out>
  <system-err><![CDATA[]]></system-err>
</testsuite>
